2021-07-19 11:58:34,355 Namespace(cfg='../experiments/coco/hrnet/simdr/nmt_w32_64x64_adam_lr1e-3_custom.yaml', dataDir='', logDir='', modelDir='', opts=[], prevModelDir='')
2021-07-19 11:58:34,355 AUTO_RESUME: True
CUDNN:
  BENCHMARK: True
  DETERMINISTIC: False
  ENABLED: True
DATASET:
  COLOR_RGB: True
  DATASET: coco
  DATA_FORMAT: jpg
  FLIP: True
  HYBRID_JOINTS_TYPE: 
  NUM_JOINTS_HALF_BODY: 8
  PROB_HALF_BODY: 0.3
  ROOT: D:/AI/AIData/coco_trainval
  ROT_FACTOR: 45
  SCALE_FACTOR: 0.35
  SELECT_DATA: False
  TEST_RATIO: 1.0
  TEST_SET: val2017
  TRAIN_RATIO: 1.0
  TRAIN_SET: train2017
DATA_DIR: 
DEBUG:
  DEBUG: True
  SAVE_BATCH_IMAGES_GT: True
  SAVE_BATCH_IMAGES_PRED: True
  SAVE_HEATMAPS_GT: True
  SAVE_HEATMAPS_PRED: True
GPUS: (0,)
LOG_DIR: log
LOSS:
  LABEL_SMOOTHING: 0.1
  TOPK: 8
  TYPE: NMTCritierion
  USE_DIFFERENT_JOINTS_WEIGHT: False
  USE_OHKM: False
  USE_TARGET_WEIGHT: True
MODEL:
  AUX_ALPHA: 1e-05
  COORD_REPRESENTATION: simdr
  DIM: 2
  EXTRA:
    FINAL_CONV_KERNEL: 1
    PRETRAINED_LAYERS: ['conv1', 'bn1', 'conv2', 'bn2', 'layer1', 'transition1', 'stage2', 'transition2', 'stage3', 'transition3', 'stage4']
    STAGE2:
      BLOCK: BASIC
      FUSE_METHOD: SUM
      NUM_BLOCKS: [4, 4]
      NUM_BRANCHES: 2
      NUM_CHANNELS: [32, 64]
      NUM_MODULES: 1
    STAGE3:
      BLOCK: BASIC
      FUSE_METHOD: SUM
      NUM_BLOCKS: [4, 4, 4]
      NUM_BRANCHES: 3
      NUM_CHANNELS: [32, 64, 128]
      NUM_MODULES: 4
    STAGE4:
      BLOCK: BASIC
      FUSE_METHOD: SUM
      NUM_BLOCKS: [4, 4, 4, 4]
      NUM_BRANCHES: 4
      NUM_CHANNELS: [32, 64, 128, 256]
      NUM_MODULES: 3
  HEAD_INPUT: 256
  HEATMAP_SIZE: [64, 64]
  IMAGE_SIZE: [64, 64]
  INIT: False
  INIT_WEIGHTS: True
  NAME: pose_hrnet
  NUM_JOINTS: 17
  PRETRAINED: D:/AI/xwStudy/xwGithub/pose_estimation/pretrained/pytorch/imagenet/hrnet_w32-36af842e.pth
  SIGMA: 1
  SIMDR_SPLIT_RATIO: 3.0
  TAG_PER_JOINT: True
OUTPUT_DIR: output
PIN_MEMORY: True
PRINT_FREQ: 20
RANK: 0
TEST:
  BATCH_SIZE_PER_GPU: 1
  BBOX_THRE: 1.0
  BLUR_KERNEL: 11
  COCO_BBOX_FILE: 
  FLIP_TEST: True
  IMAGE_THRE: 0.0
  IN_VIS_THRE: 0.02
  MODEL_FILE: 
  NMS_THRE: 1.0
  OKS_THRE: 0.9
  PCKH_THRE: 0.5
  POST_PROCESS: False
  SHIFT_HEATMAP: True
  SOFT_NMS: False
  USE_GT_BBOX: True
TRAIN:
  BATCH_SIZE_PER_GPU: 1
  BEGIN_EPOCH: 0
  CHECKPOINT: 
  END_EPOCH: 210
  GAMMA1: 0.99
  GAMMA2: 0.0
  LR: 0.001
  LR_FACTOR: 0.1
  LR_STEP: [170, 200]
  MOMENTUM: 0.9
  NESTEROV: False
  OPTIMIZER: adam
  RESUME: False
  SHUFFLE: True
  WD: 0.0001
WORKERS: 0
2021-07-19 11:58:34,583 => init weights from normal distribution
2021-07-19 11:58:36,097 => loading pretrained model D:/AI/xwStudy/xwGithub/pose_estimation/pretrained/pytorch/imagenet/hrnet_w32-36af842e.pth
2021-07-19 11:58:37,675 Total number of parameters: 28634801
2021-07-19 11:58:38,181 => classes: ['__background__', 'person']
2021-07-19 11:58:38,182 => num_images: 5000
2021-07-19 11:58:38,886 => load 6352 samples
2021-07-19 11:58:39,214 => classes: ['__background__', 'person']
2021-07-19 11:58:39,214 => num_images: 5000
2021-07-19 11:58:39,914 => load 6352 samples
