2021-07-19 16:28:52,572 Namespace(cfg='../experiments/coco/hrnet/simdr/nmt_w32_64x64_adam_lr1e-3_custom.yaml', dataDir='', logDir='', modelDir='', opts=[], prevModelDir='')
2021-07-19 16:28:52,572 AUTO_RESUME: True
CUDNN:
  BENCHMARK: True
  DETERMINISTIC: False
  ENABLED: True
DATASET:
  COLOR_RGB: True
  DATASET: coco
  DATA_FORMAT: jpg
  FLIP: True
  HYBRID_JOINTS_TYPE: 
  NUM_JOINTS_HALF_BODY: 8
  PROB_HALF_BODY: 0.3
  ROOT: D:/AI/AIData/coco_trainval
  ROT_FACTOR: 45
  SCALE_FACTOR: 0.35
  SELECT_DATA: False
  TEST_RATIO: 1.0
  TEST_SET: val2017
  TRAIN_RATIO: 1.0
  TRAIN_SET: train2017
DATA_DIR: 
DEBUG:
  DEBUG: True
  SAVE_BATCH_IMAGES_GT: True
  SAVE_BATCH_IMAGES_PRED: True
  SAVE_HEATMAPS_GT: True
  SAVE_HEATMAPS_PRED: True
GPUS: (0,)
LOG_DIR: log
LOSS:
  LABEL_SMOOTHING: 0.1
  TOPK: 8
  TYPE: NMTCritierion
  USE_DIFFERENT_JOINTS_WEIGHT: False
  USE_OHKM: False
  USE_TARGET_WEIGHT: True
MODEL:
  AUX_ALPHA: 1e-05
  COORD_REPRESENTATION: simdr
  DIM: 2
  EXTRA:
    FINAL_CONV_KERNEL: 1
    PRETRAINED_LAYERS: ['conv1', 'bn1', 'conv2', 'bn2', 'layer1', 'transition1', 'stage2', 'transition2', 'stage3', 'transition3', 'stage4']
    STAGE2:
      BLOCK: BASIC
      FUSE_METHOD: SUM
      NUM_BLOCKS: [4, 4]
      NUM_BRANCHES: 2
      NUM_CHANNELS: [32, 64]
      NUM_MODULES: 1
    STAGE3:
      BLOCK: BASIC
      FUSE_METHOD: SUM
      NUM_BLOCKS: [4, 4, 4]
      NUM_BRANCHES: 3
      NUM_CHANNELS: [32, 64, 128]
      NUM_MODULES: 4
    STAGE4:
      BLOCK: BASIC
      FUSE_METHOD: SUM
      NUM_BLOCKS: [4, 4, 4, 4]
      NUM_BRANCHES: 4
      NUM_CHANNELS: [32, 64, 128, 256]
      NUM_MODULES: 3
  HEAD_INPUT: 256
  HEATMAP_SIZE: [64, 64]
  IMAGE_SIZE: [64, 64]
  INIT: False
  INIT_WEIGHTS: True
  NAME: pose_hrnet
  NUM_JOINTS: 17
  PRETRAINED: D:/AI/xwStudy/xwGithub/pose_estimation/pretrained/pytorch/imagenet/hrnet_w32-36af842e.pth
  SIGMA: 1
  SIMDR_SPLIT_RATIO: 3.0
  TAG_PER_JOINT: True
OUTPUT_DIR: output
PIN_MEMORY: True
PRINT_FREQ: 20
RANK: 0
TEST:
  BATCH_SIZE_PER_GPU: 2
  BBOX_THRE: 1.0
  BLUR_KERNEL: 11
  COCO_BBOX_FILE: 
  FLIP_TEST: True
  IMAGE_THRE: 0.0
  IN_VIS_THRE: 0.02
  MODEL_FILE: 
  NMS_THRE: 1.0
  OKS_THRE: 0.9
  PCKH_THRE: 0.5
  POST_PROCESS: False
  SHIFT_HEATMAP: True
  SOFT_NMS: False
  USE_GT_BBOX: True
TRAIN:
  BATCH_SIZE_PER_GPU: 2
  BEGIN_EPOCH: 0
  CHECKPOINT: 
  END_EPOCH: 210
  GAMMA1: 0.99
  GAMMA2: 0.0
  LR: 0.001
  LR_FACTOR: 0.1
  LR_STEP: [170, 200]
  MOMENTUM: 0.9
  NESTEROV: False
  OPTIMIZER: adam
  RESUME: False
  SHUFFLE: True
  WD: 0.0001
WORKERS: 0
2021-07-19 16:28:52,782 => init weights from normal distribution
2021-07-19 16:28:53,324 => loading pretrained model D:/AI/xwStudy/xwGithub/pose_estimation/pretrained/pytorch/imagenet/hrnet_w32-36af842e.pth
2021-07-19 16:28:55,123 Total number of parameters: 28634801
2021-07-19 16:28:55,654 => classes: ['__background__', 'person']
2021-07-19 16:28:55,654 => num_images: 5000
2021-07-19 16:28:56,342 => load 6352 samples
2021-07-19 16:28:56,684 => classes: ['__background__', 'person']
2021-07-19 16:28:56,684 => num_images: 5000
2021-07-19 16:28:57,372 => load 6352 samples
2021-07-19 16:28:59,222 Epoch: [0][0/3176]	Time 1.840s (1.840s)	Speed 1.1 samples/s	Data 0.138s (0.138s)	Loss 92.62231 (92.62231)	
2021-07-19 16:29:04,732 Epoch: [0][20/3176]	Time 0.215s (0.350s)	Speed 9.3 samples/s	Data 0.006s (0.068s)	Loss 118.90765 (92.56979)	
2021-07-19 16:29:10,103 Epoch: [0][40/3176]	Time 0.271s (0.310s)	Speed 7.4 samples/s	Data 0.060s (0.064s)	Loss 89.58746 (90.62358)	
2021-07-19 16:29:17,009 Epoch: [0][60/3176]	Time 0.254s (0.322s)	Speed 7.9 samples/s	Data 0.051s (0.087s)	Loss 95.20099 (89.10357)	
2021-07-19 16:29:22,353 Epoch: [0][80/3176]	Time 0.249s (0.308s)	Speed 8.0 samples/s	Data 0.049s (0.080s)	Loss 84.12662 (88.13823)	
2021-07-19 16:29:27,665 Epoch: [0][100/3176]	Time 0.262s (0.300s)	Speed 7.6 samples/s	Data 0.050s (0.075s)	Loss 75.55640 (87.37172)	
2021-07-19 16:29:33,275 Epoch: [0][120/3176]	Time 0.220s (0.297s)	Speed 9.1 samples/s	Data 0.010s (0.074s)	Loss 100.82617 (87.31121)	
2021-07-19 16:29:38,522 Epoch: [0][140/3176]	Time 0.259s (0.292s)	Speed 7.7 samples/s	Data 0.055s (0.070s)	Loss 103.42790 (86.30702)	
